<?xml version="1.0" encoding="UTF-8"?>
<testsuite xmlns:xsi="http://www.w3.org/2001/XMLSchema-instance" xsi:noNamespaceSchemaLocation="https://maven.apache.org/surefire/maven-surefire-plugin/xsd/surefire-test-report-3.0.xsd" version="3.0" name="TestSuite" time="158.801" tests="16" errors="0" skipped="0" failures="0">
  <properties>
[...]
</properties>
  <testcase name="ecomgp" classname="ecom_MyGp" time="21.822">
    <system-out><![CDATA[Clicked Pay Bill button.
]]></system-out>
    <system-err><![CDATA[SLF4J: No SLF4J providers were found.
SLF4J: Defaulting to no-operation (NOP) logger implementation
SLF4J: See https://www.slf4j.org/codes.html#noProviders for further details.
Feb 24, 2023 9:27:21 AM io.appium.java_client.remote.AppiumCommandExecutor$1 lambda$0
INFO: Detected dialect: W3C
]]></system-err>
  </testcase>
  <testcase name="clickContinuegp" classname="ecom_MyGp" time="13.429">
    <system-out><![CDATA[Clicked continue button.
]]></system-out>
  </testcase>
  <testcase name="clickNagadgp" classname="ecom_MyGp" time="2.385">
    <system-out><![CDATA[Clicked Nagad button.
]]></system-out>
  </testcase>
  <testcase name="clickContinueNagadgp" classname="ecom_MyGp" time="2.439">
    <system-out><![CDATA[Clicked continue button.
]]></system-out>
  </testcase>
  <testcase name="enterNumbergp" classname="ecom_MyGp" time="15.218">
    <system-out><![CDATA[Input nagad wallet number.
]]></system-out>
  </testcase>
  <testcase name="clickProceedgp" classname="ecom_MyGp" time="3.799">
    <system-out><![CDATA[No notifications to clear, going back
Click proceed and Waiting for OTP.
]]></system-out>
  </testcase>
  <testcase name="checkForOtpNotification" classname="ecom_MyGp" time="11.107">
    <system-out><![CDATA[E-Com OTP Response Time from MyGP : 4 Seconds
Clicked notification clear button
GP completed, starting Robi
]]></system-out>
  </testcase>
  <testcase name="ecomrobi" classname="ecom_MyRobi" time="5.007">
    <system-out><![CDATA[Clicked Recharge section.
]]></system-out>
    <system-err><![CDATA[Feb 24, 2023 9:28:45 AM io.appium.java_client.remote.AppiumCommandExecutor$1 lambda$0
INFO: Detected dialect: W3C
]]></system-err>
  </testcase>
  <testcase name="clickRecharge" classname="ecom_MyRobi" time="7.835">
    <system-out><![CDATA[Number input
Amount input
]]></system-out>
  </testcase>
  <testcase name="makePaymentrb" classname="ecom_MyRobi" time="2.374">
    <system-out><![CDATA[Click Make payment button
]]></system-out>
  </testcase>
  <testcase name="selectNagadrb" classname="ecom_MyRobi" time="2.536">
    <system-out><![CDATA[Click on Nagad payment
]]></system-out>
  </testcase>
  <testcase name="clickRechargeButtonrb" classname="ecom_MyRobi" time="2.405">
    <system-out><![CDATA[Click Recharge button
]]></system-out>
  </testcase>
  <testcase name="clickPayNowrb" classname="ecom_MyRobi" time="11.587">
    <system-out><![CDATA[Click Pay Now button
]]></system-out>
  </testcase>
  <testcase name="enterNumberrb" classname="ecom_MyRobi" time="12.326">
    <system-out><![CDATA[Input nagad wallet number.
]]></system-out>
  </testcase>
  <testcase name="clickProceedrb" classname="ecom_MyRobi" time="3.778">
    <system-out><![CDATA[No notifications to clear, going back
Click proceed and Waiting for OTP.
]]></system-out>
  </testcase>
  <testcase name="checkForOtpNotification" classname="ecom_MyRobi" time="11.762">
    <system-out><![CDATA[E-Com OTP Response Time from MyRobi : 5 Seconds
200
{"ok":true,"result":{"message_id":29583,"from":{"id":5345524211,"is_bot":true,"first_name":"Live Service Check","username":"live_service_check_bot"},"chat":{"id":-719053378,"title":"Live Service Check Automation","type":"group","all_members_are_administrators":true},"date":1677209379,"text":"E-Com OTP Response Time from MyRobi : 5 Seconds"}}
Clicked notification clear button
ROBI completed.
]]></system-out>
  </testcase>
</testsuite>