<?xml version="1.0" encoding="UTF-8"?>
<!-- Generated by org.testng.reporters.JUnitXMLReporter -->
<testsuite ignored="0" hostname="220730-Oliullah" failures="0" tests="7" name="MyGP" time="84.497" errors="0" timestamp="2023-02-24T09:28:31 GMT+06:00">
  <testcase classname="ecom_MyGp" name="ecomgp" time="21.79"/>
  <testcase classname="ecom_MyGp" name="clickContinuegp" time="13.469"/>
  <testcase classname="ecom_MyGp" name="clickNagadgp" time="2.384"/>
  <testcase classname="ecom_MyGp" name="clickContinueNagadgp" time="2.437"/>
  <testcase classname="ecom_MyGp" name="enterNumbergp" time="15.215"/>
  <testcase classname="ecom_MyGp" name="clickProceedgp" time="3.798"/>
  <testcase classname="ecom_MyGp" name="checkForOtpNotification" time="11.105"/>
</testsuite> <!-- MyGP -->
