<?xml version="1.0" encoding="UTF-8"?>
<!-- Generated by org.testng.reporters.JUnitXMLReporter -->
<testsuite ignored="0" hostname="220730-Oliullah" failures="0" tests="9" name="MyRobi" time="73.486" errors="0" timestamp="2023-02-24T09:29:45 GMT+06:00">
  <testcase classname="ecom_MyRobi" name="ecomrobi" time="5.01"/>
  <testcase classname="ecom_MyRobi" name="clickRecharge" time="7.835"/>
  <testcase classname="ecom_MyRobi" name="makePaymentrb" time="2.373"/>
  <testcase classname="ecom_MyRobi" name="selectNagadrb" time="2.536"/>
  <testcase classname="ecom_MyRobi" name="clickRechargeButtonrb" time="2.394"/>
  <testcase classname="ecom_MyRobi" name="clickPayNowrb" time="11.585"/>
  <testcase classname="ecom_MyRobi" name="enterNumberrb" time="12.33"/>
  <testcase classname="ecom_MyRobi" name="clickProceedrb" time="3.775"/>
  <testcase classname="ecom_MyRobi" name="checkForOtpNotification" time="11.756"/>
</testsuite> <!-- MyRobi -->
